<?xml version="1.0" encoding="UTF-8"?>
<!-- Generated by org.testng.reporters.JUnitXMLReporter -->
<testsuite ignored="0" hostname="DESKTOP-M0KCUVC" failures="2" tests="3" name="Error Validations Test" time="15.566" errors="0" timestamp="2023-09-09T17:37:41 ICT">
  <testcase classname="gjs.tests.ErrorValidations" name="LoginErrorValidation" time="1.111">
    <skipped/>
  </testcase> <!-- LoginErrorValidation -->
  <testcase classname="gjs.tests.ErrorValidations" name="LoginErrorValidation" time="1.098">
    <failure type="java.lang.AssertionError" message="expected [false] but found [true]">
      <![CDATA[java.lang.AssertionError: expected [false] but found [true]
at gjs.tests.ErrorValidations.LoginErrorValidation(ErrorValidations.java:25)
at java.base/java.util.ArrayList.forEach(ArrayList.java:1511)
... Removed 31 stack frames]]>
    </failure>
  </testcase> <!-- LoginErrorValidation -->
  <testcase classname="gjs.tests.ErrorValidations" name="ProductErrorValidation" time="1.393">
    <failure type="java.lang.NullPointerException" message="Cannot invoke &amp;quot;org.openqa.selenium.WebElement.findElement(org.openqa.selenium.By)&amp;quot; because &amp;quot;prod&amp;quot; is null">
      <![CDATA[java.lang.NullPointerException: Cannot invoke "org.openqa.selenium.WebElement.findElement(org.openqa.selenium.By)" because "prod" is null
at gjs.SeleniumFrameworkDesign.pageobjects.ProductCatalogue.addProductToCart(ProductCatalogue.java:44)
at gjs.tests.ErrorValidations.ProductErrorValidation(ErrorValidations.java:44)
at java.base/java.util.ArrayList.forEach(ArrayList.java:1511)
... Removed 27 stack frames]]>
    </failure>
  </testcase> <!-- ProductErrorValidation -->
</testsuite> <!-- Error Validations Test -->
