<?xml version="1.0" encoding="UTF-8"?>
<!-- Generated by org.testng.reporters.JUnitXMLReporter -->
<testsuite ignored="0" hostname="ducpdb" failures="1" tests="3" name="Test" time="29.769" errors="0" timestamp="2023-09-07T10:33:43 ICT">
  <testcase classname="gjs.tests.SubmitOrderTest" name="submitOrder" time="3.729"/>
  <testcase classname="gjs.tests.ErrorValidations" name="LoginErrorValidation" time="1.126">
    <failure type="java.lang.AssertionError" message="expected [false] but found [true]">
      <![CDATA[java.lang.AssertionError: expected [false] but found [true]
at gjs.tests.ErrorValidations.LoginErrorValidation(ErrorValidations.java:33)
at java.base/java.util.ArrayList.forEach(ArrayList.java:1511)
... Removed 31 stack frames]]>
    </failure>
  </testcase> <!-- LoginErrorValidation -->
  <testcase classname="gjs.tests.ErrorValidations" name="ProductErrorValidation" time="2.911"/>
</testsuite> <!-- Test -->
